*** Life<ConwayCell> 21x13 ***

Generation = 0, Population = 13.
.............
.............
.............
.............
.............
.............
.............
.............
....*****....
.......*.....
......*......
.....*.......
....*****....
.............
.............
.............
.............
.............
.............
.............
.............

*** Life<ConwayCell> 20x29 ***

Generation = 0, Population = 22.
.............................
.............................
.............................
...**........................
...*.......***......****.....
.............................
.............................
.............................
.............................
.............................
.............................
....*......*.........*.......
....**.....***......***......
.....*.......................
.............................
.............................
.............................
.............................
.............................
.............................

*** Life<ConwayCell> 109x69 ***

Generation = 0, Population = 35.
.....................................................................
.....................................................................
.....................................................................
.....................................................................
.....................................................................
.....................................................................
.....................................................................
.....................................................................
.....................................................................
.....................................................................
.....................................................................
.....................................................................
.....................................................................
.....................................................................
.....................................................................
.....................................................................
.....................................................................
.....................................................................
.....................................................................
.....................................................................
.....................................................................
.....................................................................
.....................................................................
.....................................................................
.....................................................................
.....................................................................
.....................................................................
.....................................................................
.....................................................................
.....................................................................
.....................................................................
.....................................................................
.....................................................................
.....................................................................
..................................*..................................
..................................*..................................
..................................*..................................
..................................*..................................
..................................*..................................
.....................................................................
..................................*..................................
..................................*..................................
..................................*..................................
..................................*..................................
..................................*..................................
.....................................................................
..................................*..................................
..................................*..................................
..................................*..................................
..................................*..................................
..................................*..................................
.....................................................................
..................................*..................................
..................................*..................................
..................................*..................................
..................................*..................................
..................................*..................................
.....................................................................
..................................*..................................
..................................*..................................
..................................*..................................
..................................*..................................
..................................*..................................
.....................................................................
..................................*..................................
..................................*..................................
..................................*..................................
..................................*..................................
..................................*..................................
.....................................................................
..................................*..................................
..................................*..................................
..................................*..................................
..................................*..................................
..................................*..................................
.....................................................................
.....................................................................
.....................................................................
.....................................................................
.....................................................................
.....................................................................
.....................................................................
.....................................................................
.....................................................................
.....................................................................
.....................................................................
.....................................................................
.....................................................................
.....................................................................
.....................................................................
.....................................................................
.....................................................................
.....................................................................
.....................................................................
.....................................................................
.....................................................................
.....................................................................
.....................................................................
.....................................................................
.....................................................................
.....................................................................
.....................................................................
.....................................................................
.....................................................................
.....................................................................
.....................................................................
.....................................................................
.....................................................................
.....................................................................

*** Life<FredkinCell> 20x20 ***

Generation = 0, Population = 4.
--------------------
--------------------
--------------------
--------------------
--------------------
--------------------
--------------------
--------------------
--------------------
---------00---------
---------00---------
--------------------
--------------------
--------------------
--------------------
--------------------
--------------------
--------------------
--------------------
--------------------

Generation = 1, Population = 4.
--------------------
--------------------
--------------------
--------------------
--------------------
--------------------
--------------------
--------------------
---------00---------
--------0--0--------
--------0--0--------
---------00---------
--------------------
--------------------
--------------------
--------------------
--------------------
--------------------
--------------------
--------------------

Generation = 2, Population = 8.
--------------------
--------------------
--------------------
--------------------
--------------------
--------------------
--------------------
---------00---------
---------11---------
-------01--10-------
-------01--10-------
---------11---------
---------00---------
--------------------
--------------------
--------------------
--------------------
--------------------
--------------------
--------------------

Generation = 3, Population = 16.
--------------------
--------------------
--------------------
--------------------
--------------------
--------------------
---------00---------
--------0--0--------
-------0----0-------
------0------0------
------0------0------
-------0----0-------
--------0--0--------
---------00---------
--------------------
--------------------
--------------------
--------------------
--------------------
--------------------

Generation = 4, Population = 16.
--------------------
--------------------
--------------------
--------------------
--------------------
---------00---------
---------11---------
--------------------
--------------------
-----01------10-----
-----01------10-----
--------------------
--------------------
---------11---------
---------00---------
--------------------
--------------------
--------------------
--------------------
--------------------

Generation = 5, Population = 16.
--------------------
--------------------
--------------------
--------------------
---------00---------
--------0--0--------
--------0--0--------
---------00---------
-----00------00-----
----0--0----0--0----
----0--0----0--0----
-----00------00-----
---------00---------
--------0--0--------
--------0--0--------
---------00---------
--------------------
--------------------
--------------------
--------------------

Generation = 6, Population = 32.
--------------------
--------------------
--------------------
---------00---------
---------11---------
-------01--10-------
-------01--10-------
-----00--11--00-----
-----11--00--11-----
---01--10--01--10---
---01--10--01--10---
-----11--00--11-----
-----00--11--00-----
-------01--10-------
-------01--10-------
---------11---------
---------00---------
--------------------
--------------------
--------------------

Generation = 7, Population = 64.
--------------------
--------------------
---------00---------
--------0--0--------
-------0----0-------
------0------0------
-----0--------0-----
----0----------0----
---0------------0---
--0--------------0--
--0--------------0--
---0------------0---
----0----------0----
-----0--------0-----
------0------0------
-------0----0-------
--------0--0--------
---------00---------
--------------------
--------------------

Generation = 8, Population = 32.
--------------------
---------00---------
---------11---------
--------------------
--------------------
--------------------
--------------------
--------------------
--------------------
-01--------------10-
-01--------------10-
--------------------
--------------------
--------------------
--------------------
--------------------
--------------------
---------11---------
---------00---------
--------------------

Generation = 9, Population = 16.
---------00---------
--------0--0--------
--------0--0--------
---------00---------
--------------------
--------------------
--------------------
--------------------
-00--------------00-
0--0------------0--0
0--0------------0--0
-00--------------00-
--------------------
--------------------
--------------------
--------------------
---------00---------
--------0--0--------
--------0--0--------
---------00---------

Generation = 10, Population = 32.
---------11---------
-------01--10-------
-------01--10-------
---------11---------
---------00---------
--------------------
--------------------
-00--------------00-
011--------------11-
---10----------01--1
---10----------01--1
011--------------11-
-00--------------00-
--------------------
--------------------
---------00---------
---------11---------
-------01--10-------
-------01--10-------
---------11---------

Generation = 11, Population = 56.
-------0-22-0-------
------0------0------
------0------0------
-------0----0-------
--------0--0--------
---------00---------
-00--------------00-
0--0------------0--0
12--0----------0----
-0---0--------0----2
-0---0--------0----2
12--0----------0----
0--0------------0--0
-00--------------00-
---------00---------
--------0--0--------
-------0----0-------
------0------0------
------0------0------
-------0-22-0-------

Generation = 12, Population = 60.
---------33---------
-----01--00--10-----
-----01------10-----
--------------------
--------------------
-00------11------00-
011------00------11-
-0------------------
2-0-----------------
0-0--10------01---03
0-0--10------01---03
2-0-----------------
-0------------------
011------00------11-
-00------11------00-
--------------------
--------------------
-----01------10-----
-----01--00--10-----
---------33---------

*** Life<Cell> 20x20 ***

Generation = 0, Population = 6.
--------------------
--------------------
--------------------
--------------------
--------------------
--------------------
--------------------
--------------------
--------------------
---------00---------
--------0000--------
--------------------
--------------------
--------------------
--------------------
--------------------
--------------------
--------------------
--------------------
--------------------

